<!DOCTYPE html>
<html>
<head>
<meta http-equiv="Content-Type" content="text/html; charset=utf-8"/>
<meta http-equiv="x-ua-compatible" content="IE=edge"/>
<title>Test results - Class Prueba portal utest</title>
<link href="../css/base-style.css" rel="stylesheet" type="text/css"/>
<link href="../css/style.css" rel="stylesheet" type="text/css"/>
<script src="../js/report.js" type="text/javascript"></script>
</head>
<body>
<div id="content">
<h1>Class Prueba portal utest</h1>
<div class="breadcrumbs">
<a href="../index.html">all</a> &gt; 
<a href="../packages/default-package.html">default-package</a> &gt; Prueba portal utest</div>
<div id="summary">
<table>
<tr>
<td>
<div class="summaryGroup">
<table>
<tr>
<td>
<div class="infoBox" id="tests">
<div class="counter">1</div>
<p>tests</p>
</div>
</td>
<td>
<div class="infoBox" id="failures">
<div class="counter">1</div>
<p>failures</p>
</div>
</td>
<td>
<div class="infoBox" id="ignored">
<div class="counter">0</div>
<p>ignored</p>
</div>
</td>
<td>
<div class="infoBox" id="duration">
<div class="counter">47.007s</div>
<p>duration</p>
</div>
</td>
</tr>
</table>
</div>
</td>
<td>
<div class="infoBox failures" id="successRate">
<div class="percent">0%</div>
<p>successful</p>
</div>
</td>
</tr>
</table>
</div>
<div id="tabs">
<ul class="tabLinks">
<li>
<a href="#tab0">Failed tests</a>
</li>
<li>
<a href="#tab1">Tests</a>
</li>
<li>
<a href="#tab2">Standard error</a>
</li>
</ul>
<div id="tab0" class="tab">
<h2>Failed tests</h2>
<div class="test">
<a name="usuario ingresa a portal utest y realiza registro exitoso"></a>
<h3 class="failures">usuario ingresa a portal utest y realiza registro exitoso</h3>
<span class="code">
<pre>net.thucydides.core.webdriver.exceptions.ElementShouldBeEnabledException: Expected enabled element was not enabled
	at net.serenitybdd.core.pages.WebElementFacadeImpl.waitUntilEnabled(WebElementFacadeImpl.java:1149)
	at net.serenitybdd.core.pages.WebElementFacadeImpl.waitUntilElementAvailable(WebElementFacadeImpl.java:954)
	at net.serenitybdd.core.pages.WebElementFacadeImpl.type(WebElementFacadeImpl.java:811)
	at net.serenitybdd.screenplay.actions.EnterValueIntoTarget.performAs(EnterValueIntoTarget.java:18)
	at net.serenitybdd.screenplay.actions.EnterValueIntoTarget$ByteBuddy$vwN7MrMk.performAs$accessor$Ch1IZUsP(Unknown Source)
	at java.base/jdk.internal.reflect.NativeMethodAccessorImpl.invoke0(Native Method)
	at java.base/jdk.internal.reflect.NativeMethodAccessorImpl.invoke(NativeMethodAccessorImpl.java:62)
	at java.base/jdk.internal.reflect.DelegatingMethodAccessorImpl.invoke(DelegatingMethodAccessorImpl.java:43)
	at java.base/java.lang.reflect.Method.invoke(Method.java:566)
	at net.thucydides.core.steps.StepInterceptor.invokeMethod(StepInterceptor.java:471)
	at net.thucydides.core.steps.StepInterceptor.executeTestStepMethod(StepInterceptor.java:451)
	at net.thucydides.core.steps.StepInterceptor.runTestStep(StepInterceptor.java:424)
	at net.thucydides.core.steps.StepInterceptor.runOrSkipMethod(StepInterceptor.java:180)
	at net.thucydides.core.steps.StepInterceptor.testStepResult(StepInterceptor.java:167)
	at net.thucydides.core.steps.StepInterceptor.intercept(StepInterceptor.java:75)
	at net.serenitybdd.screenplay.actions.EnterValueIntoTarget$ByteBuddy$vwN7MrMk.performAs(Unknown Source)
	at net.serenitybdd.screenplay.Actor.performTask(Actor.java:233)
	at net.serenitybdd.screenplay.Actor.perform(Actor.java:214)
	at net.serenitybdd.screenplay.Actor.attemptsTo(Actor.java:171)
	at reto.utest.web.tasks.RegistrarDireccionNuevoUsuario.performAs(RegistrarDireccionNuevoUsuario.java:28)
	at reto.utest.web.tasks.RegistrarDireccionNuevoUsuario$ByteBuddy$KqKdxrjV.performAs$accessor$4qDErBjn(Unknown Source)
	at java.base/jdk.internal.reflect.NativeMethodAccessorImpl.invoke0(Native Method)
	at java.base/jdk.internal.reflect.NativeMethodAccessorImpl.invoke(NativeMethodAccessorImpl.java:62)
	at java.base/jdk.internal.reflect.DelegatingMethodAccessorImpl.invoke(DelegatingMethodAccessorImpl.java:43)
	at java.base/java.lang.reflect.Method.invoke(Method.java:566)
	at net.thucydides.core.steps.StepInterceptor.invokeMethod(StepInterceptor.java:471)
	at net.thucydides.core.steps.StepInterceptor.executeTestStepMethod(StepInterceptor.java:451)
	at net.thucydides.core.steps.StepInterceptor.runTestStep(StepInterceptor.java:424)
	at net.thucydides.core.steps.StepInterceptor.runOrSkipMethod(StepInterceptor.java:180)
	at net.thucydides.core.steps.StepInterceptor.testStepResult(StepInterceptor.java:167)
	at net.thucydides.core.steps.StepInterceptor.intercept(StepInterceptor.java:75)
	at reto.utest.web.tasks.RegistrarDireccionNuevoUsuario$ByteBuddy$KqKdxrjV.performAs(Unknown Source)
	at net.serenitybdd.screenplay.Actor.performTask(Actor.java:233)
	at net.serenitybdd.screenplay.Actor.perform(Actor.java:214)
	at net.serenitybdd.screenplay.Actor.attemptsTo(Actor.java:171)
	at reto.utest.web.stepsdefinitions.RetoTecnicoDefinitions.diligenciaFormularioRegistro(RetoTecnicoDefinitions.java:29)
	at ✽.diligencia formulario de registro(src/test/resources/features/retoTecnico.feature:14)
Caused by: org.openqa.selenium.TimeoutException: Expected condition failed: waiting for By.xpath: //*[@id='city]' to be enabled (tried for 5 second(s) with 100 milliseconds interval)
	at org.openqa.selenium.support.ui.FluentWait.timeoutException(FluentWait.java:304)
	at org.openqa.selenium.support.ui.FluentWait.until(FluentWait.java:272)
	at net.serenitybdd.core.pages.WebElementFacadeImpl.waitUntilEnabled(WebElementFacadeImpl.java:1146)
	at net.serenitybdd.core.pages.WebElementFacadeImpl.waitUntilElementAvailable(WebElementFacadeImpl.java:954)
	at net.serenitybdd.core.pages.WebElementFacadeImpl.type(WebElementFacadeImpl.java:811)
	at net.serenitybdd.screenplay.actions.EnterValueIntoTarget.performAs(EnterValueIntoTarget.java:18)
	at net.serenitybdd.screenplay.actions.EnterValueIntoTarget$ByteBuddy$vwN7MrMk.performAs$accessor$Ch1IZUsP(Unknown Source)
	at java.base/jdk.internal.reflect.NativeMethodAccessorImpl.invoke0(Native Method)
	at java.base/jdk.internal.reflect.NativeMethodAccessorImpl.invoke(NativeMethodAccessorImpl.java:62)
	at java.base/jdk.internal.reflect.DelegatingMethodAccessorImpl.invoke(DelegatingMethodAccessorImpl.java:43)
	at java.base/java.lang.reflect.Method.invoke(Method.java:566)
	at net.thucydides.core.steps.StepInterceptor.invokeMethod(StepInterceptor.java:471)
	at net.thucydides.core.steps.StepInterceptor.executeTestStepMethod(StepInterceptor.java:451)
	at net.thucydides.core.steps.StepInterceptor.runTestStep(StepInterceptor.java:424)
	at net.thucydides.core.steps.StepInterceptor.runOrSkipMethod(StepInterceptor.java:180)
	at net.thucydides.core.steps.StepInterceptor.testStepResult(StepInterceptor.java:167)
	at net.thucydides.core.steps.StepInterceptor.intercept(StepInterceptor.java:75)
	at net.serenitybdd.screenplay.actions.EnterValueIntoTarget$ByteBuddy$vwN7MrMk.performAs(Unknown Source)
	at net.serenitybdd.screenplay.Actor.performTask(Actor.java:233)
	at net.serenitybdd.screenplay.Actor.perform(Actor.java:214)
	at net.serenitybdd.screenplay.Actor.attemptsTo(Actor.java:171)
	at reto.utest.web.tasks.RegistrarDireccionNuevoUsuario.performAs(RegistrarDireccionNuevoUsuario.java:28)
	at reto.utest.web.tasks.RegistrarDireccionNuevoUsuario$ByteBuddy$KqKdxrjV.performAs$accessor$4qDErBjn(Unknown Source)
	at java.base/jdk.internal.reflect.NativeMethodAccessorImpl.invoke0(Native Method)
	at java.base/jdk.internal.reflect.NativeMethodAccessorImpl.invoke(NativeMethodAccessorImpl.java:62)
	at java.base/jdk.internal.reflect.DelegatingMethodAccessorImpl.invoke(DelegatingMethodAccessorImpl.java:43)
	at java.base/java.lang.reflect.Method.invoke(Method.java:566)
	at net.thucydides.core.steps.StepInterceptor.invokeMethod(StepInterceptor.java:471)
	at net.thucydides.core.steps.StepInterceptor.executeTestStepMethod(StepInterceptor.java:451)
	at net.thucydides.core.steps.StepInterceptor.runTestStep(StepInterceptor.java:424)
	at net.thucydides.core.steps.StepInterceptor.runOrSkipMethod(StepInterceptor.java:180)
	at net.thucydides.core.steps.StepInterceptor.testStepResult(StepInterceptor.java:167)
	at net.thucydides.core.steps.StepInterceptor.intercept(StepInterceptor.java:75)
	at reto.utest.web.tasks.RegistrarDireccionNuevoUsuario$ByteBuddy$KqKdxrjV.performAs(Unknown Source)
	at net.serenitybdd.screenplay.Actor.performTask(Actor.java:233)
	at net.serenitybdd.screenplay.Actor.perform(Actor.java:214)
	at net.serenitybdd.screenplay.Actor.attemptsTo(Actor.java:171)
	at reto.utest.web.stepsdefinitions.RetoTecnicoDefinitions.diligenciaFormularioRegistro(RetoTecnicoDefinitions.java:29)
	at java.base/jdk.internal.reflect.NativeMethodAccessorImpl.invoke0(Native Method)
	at java.base/jdk.internal.reflect.NativeMethodAccessorImpl.invoke(NativeMethodAccessorImpl.java:62)
	at java.base/jdk.internal.reflect.DelegatingMethodAccessorImpl.invoke(DelegatingMethodAccessorImpl.java:43)
	at java.base/java.lang.reflect.Method.invoke(Method.java:566)
	at cucumber.runtime.Utils$1.call(Utils.java:31)
	at cucumber.runtime.Timeout.timeout(Timeout.java:16)
	at cucumber.runtime.Utils.invoke(Utils.java:25)
	at cucumber.runtime.java.JavaStepDefinition.execute(JavaStepDefinition.java:37)
	at cucumber.runtime.StepDefinitionMatch.runStep(StepDefinitionMatch.java:40)
	at cucumber.api.TestStep.executeStep(TestStep.java:102)
	at cucumber.api.TestStep.run(TestStep.java:83)
	at cucumber.api.TestCase.run(TestCase.java:58)
	at cucumber.runner.Runner.runPickle(Runner.java:80)
	at cucumber.runtime.junit.PickleRunners$NoStepDescriptions.run(PickleRunners.java:140)
	at cucumber.runtime.junit.FeatureRunner.runChild(FeatureRunner.java:68)
	at cucumber.runtime.junit.FeatureRunner.runChild(FeatureRunner.java:23)
	at org.junit.runners.ParentRunner$3.run(ParentRunner.java:290)
	at org.junit.runners.ParentRunner$1.schedule(ParentRunner.java:71)
	at org.junit.runners.ParentRunner.runChildren(ParentRunner.java:288)
	at org.junit.runners.ParentRunner.access$000(ParentRunner.java:58)
	at org.junit.runners.ParentRunner$2.evaluate(ParentRunner.java:268)
	at org.junit.runners.ParentRunner.run(ParentRunner.java:363)
	at cucumber.runtime.junit.FeatureRunner.run(FeatureRunner.java:73)
	at cucumber.api.junit.Cucumber.runChild(Cucumber.java:118)
	at cucumber.api.junit.Cucumber.runChild(Cucumber.java:56)
	at org.junit.runners.ParentRunner$3.run(ParentRunner.java:290)
	at org.junit.runners.ParentRunner$1.schedule(ParentRunner.java:71)
	at org.junit.runners.ParentRunner.runChildren(ParentRunner.java:288)
	at org.junit.runners.ParentRunner.access$000(ParentRunner.java:58)
	at org.junit.runners.ParentRunner$2.evaluate(ParentRunner.java:268)
	at cucumber.api.junit.Cucumber$1.evaluate(Cucumber.java:127)
	at org.junit.runners.ParentRunner.run(ParentRunner.java:363)
	at org.gradle.api.internal.tasks.testing.junit.JUnitTestClassExecutor.runTestClass(JUnitTestClassExecutor.java:110)
	at org.gradle.api.internal.tasks.testing.junit.JUnitTestClassExecutor.execute(JUnitTestClassExecutor.java:58)
	at org.gradle.api.internal.tasks.testing.junit.JUnitTestClassExecutor.execute(JUnitTestClassExecutor.java:38)
	at org.gradle.api.internal.tasks.testing.junit.AbstractJUnitTestClassProcessor.processTestClass(AbstractJUnitTestClassProcessor.java:62)
	at org.gradle.api.internal.tasks.testing.SuiteTestClassProcessor.processTestClass(SuiteTestClassProcessor.java:51)
	at java.base/jdk.internal.reflect.NativeMethodAccessorImpl.invoke0(Native Method)
	at java.base/jdk.internal.reflect.NativeMethodAccessorImpl.invoke(NativeMethodAccessorImpl.java:62)
	at java.base/jdk.internal.reflect.DelegatingMethodAccessorImpl.invoke(DelegatingMethodAccessorImpl.java:43)
	at java.base/java.lang.reflect.Method.invoke(Method.java:566)
	at org.gradle.internal.dispatch.ReflectionDispatch.dispatch(ReflectionDispatch.java:35)
	at org.gradle.internal.dispatch.ReflectionDispatch.dispatch(ReflectionDispatch.java:24)
	at org.gradle.internal.dispatch.ContextClassLoaderDispatch.dispatch(ContextClassLoaderDispatch.java:32)
	at org.gradle.internal.dispatch.ProxyDispatchAdapter$DispatchingInvocationHandler.invoke(ProxyDispatchAdapter.java:93)
	at com.sun.proxy.$Proxy2.processTestClass(Unknown Source)
	at org.gradle.api.internal.tasks.testing.worker.TestWorker.processTestClass(TestWorker.java:118)
	at java.base/jdk.internal.reflect.NativeMethodAccessorImpl.invoke0(Native Method)
	at java.base/jdk.internal.reflect.NativeMethodAccessorImpl.invoke(NativeMethodAccessorImpl.java:62)
	at java.base/jdk.internal.reflect.DelegatingMethodAccessorImpl.invoke(DelegatingMethodAccessorImpl.java:43)
	at java.base/java.lang.reflect.Method.invoke(Method.java:566)
	at org.gradle.internal.dispatch.ReflectionDispatch.dispatch(ReflectionDispatch.java:35)
	at org.gradle.internal.dispatch.ReflectionDispatch.dispatch(ReflectionDispatch.java:24)
	at org.gradle.internal.remote.internal.hub.MessageHubBackedObjectConnection$DispatchWrapper.dispatch(MessageHubBackedObjectConnection.java:175)
	at org.gradle.internal.remote.internal.hub.MessageHubBackedObjectConnection$DispatchWrapper.dispatch(MessageHubBackedObjectConnection.java:157)
	at org.gradle.internal.remote.internal.hub.MessageHub$Handler.run(MessageHub.java:404)
	at org.gradle.internal.concurrent.ExecutorPolicy$CatchAndRecordFailures.onExecute(ExecutorPolicy.java:63)
	at org.gradle.internal.concurrent.ManagedExecutorImpl$1.run(ManagedExecutorImpl.java:46)
	at java.base/java.util.concurrent.ThreadPoolExecutor.runWorker(ThreadPoolExecutor.java:1128)
	at java.base/java.util.concurrent.ThreadPoolExecutor$Worker.run(ThreadPoolExecutor.java:628)
	at org.gradle.internal.concurrent.ThreadFactoryImpl$ManagedThreadRunnable.run(ThreadFactoryImpl.java:55)
	at java.base/java.lang.Thread.run(Thread.java:834)
Caused by: org.openqa.selenium.InvalidSelectorException: invalid selector: Unable to locate an element with the xpath expression //*[@id='city]' because of the following error:
SyntaxError: Failed to execute 'evaluate' on 'Document': The string '//*[@id='city]'' is not a valid XPath expression.
  (Session info: chrome=97.0.4692.71)
For documentation on this error, please visit: https://www.seleniumhq.org/exceptions/invalid_selector_exception.html
Build info: version: '3.141.59', revision: 'e82be7d358', time: '2018-11-14T08:17:03'
System info: host: 'DESKTOP-MD9VVOR', ip: '192.168.1.10', os.name: 'Windows 10', os.arch: 'amd64', os.version: '10.0', java.version: '11.0.4'
Driver info: org.openqa.selenium.chrome.ChromeDriver
Capabilities {acceptInsecureCerts: false, browserName: chrome, browserVersion: 97.0.4692.71, chrome: {chromedriverVersion: 97.0.4692.71 (adefa7837d02a..., userDataDir: C:\Users\HOME\AppData\Local...}, goog:chromeOptions: {debuggerAddress: localhost:51266}, javascriptEnabled: true, networkConnectionEnabled: false, pageLoadStrategy: normal, platform: WINDOWS, platformName: WINDOWS, proxy: Proxy(), setWindowRect: true, strictFileInteractability: false, timeouts: {implicit: 0, pageLoad: 300000, script: 30000}, unhandledPromptBehavior: dismiss and notify, webauthn:extension:credBlob: true, webauthn:extension:largeBlob: true, webauthn:virtualAuthenticators: true}
Session ID: e5bf0eed15ea5270788d277003761c2b
*** Element info: {Using=xpath, value=//*[@id='city]'}
	at jdk.internal.reflect.GeneratedConstructorAccessor16.newInstance(Unknown Source)
	at java.base/jdk.internal.reflect.DelegatingConstructorAccessorImpl.newInstance(DelegatingConstructorAccessorImpl.java:45)
	at java.base/java.lang.reflect.Constructor.newInstance(Constructor.java:490)
	at org.openqa.selenium.remote.http.W3CHttpResponseCodec.createException(W3CHttpResponseCodec.java:187)
	at org.openqa.selenium.remote.http.W3CHttpResponseCodec.decode(W3CHttpResponseCodec.java:122)
	at org.openqa.selenium.remote.http.W3CHttpResponseCodec.decode(W3CHttpResponseCodec.java:49)
	at org.openqa.selenium.remote.HttpCommandExecutor.execute(HttpCommandExecutor.java:158)
	at org.openqa.selenium.remote.service.DriverCommandExecutor.execute(DriverCommandExecutor.java:83)
	at org.openqa.selenium.remote.RemoteWebDriver.execute(RemoteWebDriver.java:552)
	at org.openqa.selenium.remote.RemoteWebDriver.findElement(RemoteWebDriver.java:323)
	at org.openqa.selenium.remote.RemoteWebDriver.findElementByXPath(RemoteWebDriver.java:428)
	at org.openqa.selenium.By$ByXPath.findElement(By.java:353)
	at org.openqa.selenium.remote.RemoteWebDriver.findElement(RemoteWebDriver.java:315)
	at net.thucydides.core.webdriver.WebDriverFacade.findElement(WebDriverFacade.java:222)
	at net.serenitybdd.core.pages.WebElementResolverByLocator.resolveForDriver(WebElementResolverByLocator.java:18)
	at net.serenitybdd.core.pages.WebElementFacadeImpl.getElement(WebElementFacadeImpl.java:221)
	at net.serenitybdd.core.pages.WebElementExpectations$3.apply(WebElementExpectations.java:63)
	at net.serenitybdd.core.pages.WebElementExpectations$3.apply(WebElementExpectations.java:55)
	at org.openqa.selenium.support.ui.FluentWait.until(FluentWait.java:249)
	... 98 more
</pre>
</span>
</div>
</div>
<div id="tab1" class="tab">
<h2>Tests</h2>
<table>
<thead>
<tr>
<th>Test</th>
<th>Duration</th>
<th>Result</th>
</tr>
</thead>
<tr>
<td class="failures">usuario ingresa a portal utest y realiza registro exitoso</td>
<td class="failures">47.007s</td>
<td class="failures">failed</td>
</tr>
</table>
</div>
<div id="tab2" class="tab">
<h2>Standard error</h2>
<span class="code">
<pre>[Test worker] WARN net.thucydides.core.steps.BaseStepListener - stepStarted: net.thucydides.core.steps.ExecutedStepDescription@451dc910
[Test worker] WARN net.thucydides.core.steps.BaseStepListener - stepStarted: net.thucydides.core.steps.ExecutedStepDescription@110f44d3
[Test worker] WARN net.thucydides.core.steps.BaseStepListener - stepStarted: net.thucydides.core.steps.ExecutedStepDescription@389c3958
ene. 11, 2022 11:44:10 A. M. org.openqa.selenium.remote.DesiredCapabilities chrome
INFORMACIÓN: Using `new ChromeOptions()` is preferred to `DesiredCapabilities.chrome()`
[Test worker] INFO net.serenitybdd.core.webdriver.driverproviders.ProvideNewDriver - Instantiating driver
[Test worker] INFO net.serenitybdd.core.webdriver.driverproviders.ProvideNewDriver - Driver capabilities: Capabilities {acceptInsecureCerts: false, browserName: chrome, chrome.switches: --start-maximized, goog:chromeOptions: {args: [--start-maximized], extensions: []}, loggingPrefs: org.openqa.selenium.logging..., platform: ANY, version: }
Starting ChromeDriver 97.0.4692.71 (adefa7837d02a07a604c1e6eff0b3a09422ab88d-refs/branch-heads/4692@{#1247}) on port 4529
Only local connections are allowed.
Please see https://chromedriver.chromium.org/security-considerations for suggestions on keeping ChromeDriver safe.
ChromeDriver was started successfully.
ene. 11, 2022 11:44:15 A. M. org.openqa.selenium.remote.ProtocolHandshake createSession
INFORMACIÓN: Detected dialect: W3C
[Test worker] WARN net.thucydides.core.steps.BaseStepListener - stepFinished: current outcome:usuario ingresa a portal utest y realiza registro exitoso:Dado que francisco ingresa en el portal Utest [Francisco abrir url [francisco opens the Portal utest]]
[Test worker] WARN net.thucydides.core.steps.BaseStepListener - stepFinished: current outcome:usuario ingresa a portal utest y realiza registro exitoso:Dado que francisco ingresa en el portal Utest [Francisco abrir url [francisco opens the Portal utest]]
[Test worker] WARN net.thucydides.core.steps.BaseStepListener - stepFinished: current outcome:usuario ingresa a portal utest y realiza registro exitoso:Dado que francisco ingresa en el portal Utest [Francisco abrir url [francisco opens the Portal utest]]
[Test worker] WARN net.thucydides.core.steps.BaseStepListener - stepStarted: net.thucydides.core.steps.ExecutedStepDescription@1f09c41
[Test worker] WARN net.thucydides.core.steps.BaseStepListener - stepStarted: net.thucydides.core.steps.ExecutedStepDescription@2314679a
[Test worker] WARN net.thucydides.core.steps.BaseStepListener - stepStarted: net.thucydides.core.steps.ExecutedStepDescription@5a5c6a5e
[Test worker] WARN net.thucydides.core.steps.BaseStepListener - stepFinished: current outcome:usuario ingresa a portal utest y realiza registro exitoso:Dado que francisco ingresa en el portal Utest [Francisco abrir url [francisco opens the Portal utest]], Cuando diligencia formulario de registro [Registrar los datos del nuevo usuario [francisco clicks on boton join today]]
[Test worker] WARN net.thucydides.core.steps.BaseStepListener - stepStarted: net.thucydides.core.steps.ExecutedStepDescription@13bd4a37
[Test worker] WARN net.thucydides.core.steps.BaseStepListener - stepFinished: current outcome:usuario ingresa a portal utest y realiza registro exitoso:Dado que francisco ingresa en el portal Utest [Francisco abrir url [francisco opens the Portal utest]], Cuando diligencia formulario de registro [Registrar los datos del nuevo usuario [francisco clicks on boton join today, francisco enters 'JUAN' into campo de texto para el nombre]]
[Test worker] WARN net.thucydides.core.steps.BaseStepListener - stepStarted: net.thucydides.core.steps.ExecutedStepDescription@364a007b
[Test worker] WARN net.thucydides.core.steps.BaseStepListener - stepFinished: current outcome:usuario ingresa a portal utest y realiza registro exitoso:Dado que francisco ingresa en el portal Utest [Francisco abrir url [francisco opens the Portal utest]], Cuando diligencia formulario de registro [Registrar los datos del nuevo usuario [francisco clicks on boton join today, francisco enters 'JUAN' into campo de texto para el nombre, francisco enters 'MARTINEZ' into campo de texto para el apellido]]
[Test worker] WARN net.thucydides.core.steps.BaseStepListener - stepStarted: net.thucydides.core.steps.ExecutedStepDescription@3f621b00
[Test worker] WARN net.thucydides.core.steps.BaseStepListener - stepFinished: current outcome:usuario ingresa a portal utest y realiza registro exitoso:Dado que francisco ingresa en el portal Utest [Francisco abrir url [francisco opens the Portal utest]], Cuando diligencia formulario de registro [Registrar los datos del nuevo usuario [francisco clicks on boton join today, francisco enters 'JUAN' into campo de texto para el nombre, francisco enters 'MARTINEZ' into campo de texto para el apellido, francisco enters 'zapita10@hotmail.com' into campo de texto del correo]]
[Test worker] WARN net.thucydides.core.steps.BaseStepListener - stepStarted: net.thucydides.core.steps.ExecutedStepDescription@7c0a4516
[Test worker] WARN net.thucydides.core.steps.BaseStepListener - stepFinished: current outcome:usuario ingresa a portal utest y realiza registro exitoso:Dado que francisco ingresa en el portal Utest [Francisco abrir url [francisco opens the Portal utest]], Cuando diligencia formulario de registro [Registrar los datos del nuevo usuario [francisco clicks on boton join today, francisco enters 'JUAN' into campo de texto para el nombre, francisco enters 'MARTINEZ' into campo de texto para el apellido, francisco enters 'zapita10@hotmail.com' into campo de texto del correo, francisco clicks on lista desplegable mes de cumpleano]]
[Test worker] WARN net.thucydides.core.steps.BaseStepListener - stepStarted: net.thucydides.core.steps.ExecutedStepDescription@72f12e33
[Test worker] WARN net.thucydides.core.steps.BaseStepListener - stepFinished: current outcome:usuario ingresa a portal utest y realiza registro exitoso:Dado que francisco ingresa en el portal Utest [Francisco abrir url [francisco opens the Portal utest]], Cuando diligencia formulario de registro [Registrar los datos del nuevo usuario [francisco clicks on boton join today, francisco enters 'JUAN' into campo de texto para el nombre, francisco enters 'MARTINEZ' into campo de texto para el apellido, francisco enters 'zapita10@hotmail.com' into campo de texto del correo, francisco clicks on lista desplegable mes de cumpleano, francisco clicks on lista desplegable dia de cumpleano]]
[Test worker] WARN net.thucydides.core.steps.BaseStepListener - stepStarted: net.thucydides.core.steps.ExecutedStepDescription@61c7a1da
[Test worker] WARN net.thucydides.core.steps.BaseStepListener - stepFinished: current outcome:usuario ingresa a portal utest y realiza registro exitoso:Dado que francisco ingresa en el portal Utest [Francisco abrir url [francisco opens the Portal utest]], Cuando diligencia formulario de registro [Registrar los datos del nuevo usuario [francisco clicks on boton join today, francisco enters 'JUAN' into campo de texto para el nombre, francisco enters 'MARTINEZ' into campo de texto para el apellido, francisco enters 'zapita10@hotmail.com' into campo de texto del correo, francisco clicks on lista desplegable mes de cumpleano, francisco clicks on lista desplegable dia de cumpleano, francisco clicks on lista desplegable ano de cumpleano]]
[Test worker] WARN net.thucydides.core.steps.BaseStepListener - stepStarted: net.thucydides.core.steps.ExecutedStepDescription@4f281852
[Test worker] WARN net.thucydides.core.steps.BaseStepListener - stepFinished: current outcome:usuario ingresa a portal utest y realiza registro exitoso:Dado que francisco ingresa en el portal Utest [Francisco abrir url [francisco opens the Portal utest]], Cuando diligencia formulario de registro [Registrar los datos del nuevo usuario [francisco clicks on boton join today, francisco enters 'JUAN' into campo de texto para el nombre, francisco enters 'MARTINEZ' into campo de texto para el apellido, francisco enters 'zapita10@hotmail.com' into campo de texto del correo, francisco clicks on lista desplegable mes de cumpleano, francisco clicks on lista desplegable dia de cumpleano, francisco clicks on lista desplegable ano de cumpleano, francisco clicks on boton para continuar al siguiente paso]]
[Test worker] WARN net.thucydides.core.steps.BaseStepListener - stepStarted: net.thucydides.core.steps.ExecutedStepDescription@54975af1
[Test worker] WARN net.thucydides.core.steps.BaseStepListener - stepFinished: current outcome:usuario ingresa a portal utest y realiza registro exitoso:Dado que francisco ingresa en el portal Utest [Francisco abrir url [francisco opens the Portal utest]], Cuando diligencia formulario de registro [Registrar los datos del nuevo usuario [francisco clicks on boton join today, francisco enters 'JUAN' into campo de texto para el nombre, francisco enters 'MARTINEZ' into campo de texto para el apellido, francisco enters 'zapita10@hotmail.com' into campo de texto del correo, francisco clicks on lista desplegable mes de cumpleano, francisco clicks on lista desplegable dia de cumpleano, francisco clicks on lista desplegable ano de cumpleano, francisco clicks on boton para continuar al siguiente paso, Francisco take screenshot]]
[Test worker] WARN net.thucydides.core.steps.BaseStepListener - stepFinished: current outcome:usuario ingresa a portal utest y realiza registro exitoso:Dado que francisco ingresa en el portal Utest [Francisco abrir url [francisco opens the Portal utest]], Cuando diligencia formulario de registro [Registrar los datos del nuevo usuario [francisco clicks on boton join today, francisco enters 'JUAN' into campo de texto para el nombre, francisco enters 'MARTINEZ' into campo de texto para el apellido, francisco enters 'zapita10@hotmail.com' into campo de texto del correo, francisco clicks on lista desplegable mes de cumpleano, francisco clicks on lista desplegable dia de cumpleano, francisco clicks on lista desplegable ano de cumpleano, francisco clicks on boton para continuar al siguiente paso, Francisco take screenshot]]
[Test worker] WARN net.thucydides.core.steps.BaseStepListener - stepStarted: net.thucydides.core.steps.ExecutedStepDescription@5fee764d
[Test worker] WARN net.thucydides.core.steps.BaseStepListener - stepStarted: net.thucydides.core.steps.ExecutedStepDescription@388ab2d8
[Test worker] WARN net.thucydides.core.steps.BaseStepListener - stepStarted: net.thucydides.core.steps.ExecutedStepDescription@42dd947e
[Test worker] WARN net.thucydides.core.steps.BaseStepListener - testFinished: usuario ingresa a portal utest y realiza registro exitoso:Dado que francisco ingresa en el portal Utest [Francisco abrir url [francisco opens the Portal utest]], Cuando diligencia formulario de registro [Registrar los datos del nuevo usuario [francisco clicks on boton join today, francisco enters 'JUAN' into campo de texto para el nombre, francisco enters 'MARTINEZ' into campo de texto para el apellido, francisco enters 'zapita10@hotmail.com' into campo de texto del correo, francisco clicks on lista desplegable mes de cumpleano, francisco clicks on lista desplegable dia de cumpleano, francisco clicks on lista desplegable ano de cumpleano, francisco clicks on boton para continuar al siguiente paso, Francisco take screenshot], Registrar la direccion del nuevo usuario [francisco enters 'CARTAGENA' into campo de texto de la ciudad]], Entonces se crea como usuario nuevo
[Test worker] WARN net.thucydides.core.steps.BaseStepListener - TestOutcomes: [usuario ingresa a portal utest y realiza registro exitoso:Dado que francisco ingresa en el portal Utest [Francisco abrir url [francisco opens the Portal utest]], Cuando diligencia formulario de registro [Registrar los datos del nuevo usuario [francisco clicks on boton join today, francisco enters 'JUAN' into campo de texto para el nombre, francisco enters 'MARTINEZ' into campo de texto para el apellido, francisco enters 'zapita10@hotmail.com' into campo de texto del correo, francisco clicks on lista desplegable mes de cumpleano, francisco clicks on lista desplegable dia de cumpleano, francisco clicks on lista desplegable ano de cumpleano, francisco clicks on boton para continuar al siguiente paso, Francisco take screenshot], Registrar la direccion del nuevo usuario [francisco enters 'CARTAGENA' into campo de texto de la ciudad]], Entonces se crea como usuario nuevo]
[Test worker] WARN net.thucydides.core.steps.BaseStepListener - Final testOutcomes: [usuario ingresa a portal utest y realiza registro exitoso:Dado que francisco ingresa en el portal Utest [Francisco abrir url [francisco opens the Portal utest]], Cuando diligencia formulario de registro [Registrar los datos del nuevo usuario [francisco clicks on boton join today, francisco enters 'JUAN' into campo de texto para el nombre, francisco enters 'MARTINEZ' into campo de texto para el apellido, francisco enters 'zapita10@hotmail.com' into campo de texto del correo, francisco clicks on lista desplegable mes de cumpleano, francisco clicks on lista desplegable dia de cumpleano, francisco clicks on lista desplegable ano de cumpleano, francisco clicks on boton para continuar al siguiente paso, Francisco take screenshot], Registrar la direccion del nuevo usuario [francisco enters 'CARTAGENA' into campo de texto de la ciudad]], Entonces se crea como usuario nuevo]
[Test worker] ERROR net.thucydides.core.steps.ConsoleLoggingListener - 
           __  _____ _____ ____ _____   _____ _    ___ _     _____ ____  
  _       / / |_   _| ____/ ___|_   _| |  ___/ \  |_ _| |   | ____|  _ \ 
 (_)_____| |    | | |  _| \___ \ | |   | |_ / _ \  | || |   |  _| | | | |
  _|_____| |    | | | |___ ___) || |   |  _/ ___ \ | || |___| |___| |_| |
 (_)     | |    |_| |_____|____/ |_|   |_|/_/   \_\___|_____|_____|____/ 
          \_\                                                            

TEST FAILED: usuario ingresa a portal utest y realiza registro exitoso
--------------------------------------------------------------------------
[Test worker] ERROR net.thucydides.core.steps.ConsoleLoggingListener - TEST FAILED AT STEP francisco enters 'CARTAGENA' into campo de texto de la ciudad
[Test worker] ERROR net.thucydides.core.steps.ConsoleLoggingListener - Expected enabled element was not enabled
</pre>
</span>
</div>
</div>
<div id="footer">
<p>
<div>
<label class="hidden" id="label-for-line-wrapping-toggle" for="line-wrapping-toggle">Wrap lines
<input id="line-wrapping-toggle" type="checkbox" autocomplete="off"/>
</label>
</div>Generated by 
<a href="http://www.gradle.org">Gradle 5.2.1</a> at 11/01/2022, 11:45:02 a. m.</p>
</div>
</div>
</body>
</html>
