<?xml version="1.0" encoding="UTF-8"?><testsuite errors="0" failures="1" name="Prueba portal utest" skipped="0" tests="1" time="45.77" timestamp="2022-01-11 11:44:08"><testcase name="usuario ingresa a portal utest y realiza registro exitoso"><failure message="Expected enabled element was not enabled" type="net.thucydides.core.webdriver.exceptions.ElementShouldBeEnabledException">Expected enabled element was not enabled</failure><system-err>Expected enabled element was not enabled&#13;
reto.utest.web.tasks.RegistrarDireccionNuevoUsuario.performAs(RegistrarDireccionNuevoUsuario.java:28)&#13;
reto.utest.web.stepsdefinitions.RetoTecnicoDefinitions.diligenciaFormularioRegistro(RetoTecnicoDefinitions.java:29)&#13;
cucumber.runner.Runner.runPickle(Runner.java:80)&#13;
</system-err></testcase></testsuite>